<?xml version="1.0" encoding="UTF-8"?>
<testng-results skipped="0" failed="0" ignored="0" total="1" passed="1">
  <reporter-output>
  </reporter-output>
  <suite name="Default suite" duration-ms="189029" started-at="2018-08-11T10:19:28Z" finished-at="2018-08-11T10:22:37Z">
    <groups>
    </groups>
    <test name="Default test" duration-ms="189029" started-at="2018-08-11T10:19:28Z" finished-at="2018-08-11T10:22:37Z">
      <class name="com.oracle.responsys.testscripts.TestW">
        <test-method status="PASS" signature="init()[pri:0, instance:com.oracle.responsys.testscripts.TestW@77cd7a0]" name="init" is-config="true" duration-ms="128831" started-at="2018-08-11T10:19:28Z" finished-at="2018-08-11T10:21:37Z">
          <reporter-output>
          </reporter-output>
        </test-method> <!-- init -->
        <test-method status="PASS" signature="test()[pri:0, instance:com.oracle.responsys.testscripts.TestW@77cd7a0]" name="test" duration-ms="7" started-at="2018-08-11T10:21:37Z" finished-at="2018-08-11T10:21:37Z">
          <reporter-output>
          </reporter-output>
        </test-method> <!-- test -->
        <test-method status="PASS" signature="close()[pri:0, instance:com.oracle.responsys.testscripts.TestW@77cd7a0]" name="close" is-config="true" duration-ms="60127" started-at="2018-08-11T10:21:37Z" finished-at="2018-08-11T10:22:37Z">
          <reporter-output>
          </reporter-output>
        </test-method> <!-- close -->
      </class> <!-- com.oracle.responsys.testscripts.TestW -->
    </test> <!-- Default test -->
  </suite> <!-- Default suite -->
</testng-results>
