<?xml version="1.0" encoding="UTF-8"?>
<!-- Generated by org.testng.reporters.JUnitXMLReporter -->
<testsuite hostname="KKONDAPP-LAP" ignored="0" name="Test" tests="6" failures="0" timestamp="11 Aug 2018 09:42:59 GMT" time="0.07" errors="0">
  <testcase name="test1" time="0.004" classname="com.oracle.responsys.testscripts.TestNG_FullDemo2"/>
  <testcase name="test2" time="0.004" classname="com.oracle.responsys.testscripts.TestNG_FullDemo2"/>
  <testcase name="test3" time="0.001" classname="com.oracle.responsys.testscripts.TestNG_FullDemo2"/>
  <testcase name="test1" time="0.002" classname="com.oracle.responsys.testscripts.TestNG_FullDemo1"/>
  <testcase name="test2" time="0.001" classname="com.oracle.responsys.testscripts.TestNG_FullDemo1"/>
  <testcase name="test3" time="0.002" classname="com.oracle.responsys.testscripts.TestNG_FullDemo1"/>
</testsuite> <!-- Test -->
